<?xml version="1.0" encoding="UTF-8"?>
<!-- Generated by org.testng.reporters.JUnitReportReporter -->
<testsuite hostname="LAPTOP-GKFJBR0M" failures="0" tests="2" name="testcase.AddTariffPlantoCustomer" time="83.552" errors="0" timestamp="2024-07-13T23:50:25 IST" skipped="0">
  <testcase classname="testcase.AddTariffPlantoCustomer" name="addcustomer" time="49.316"/>
  <system-out/>
  <testcase classname="testcase.AddTariffPlantoCustomer" name="addtariffplantocustomer" time="34.236"/>
  <system-out/>
</testsuite> <!-- testcase.AddTariffPlantoCustomer -->
