<?xml version="1.0" encoding="UTF-8"?>
<!-- Generated by org.testng.reporters.JUnitReportReporter -->
<testsuite hostname="LAPTOP-GKFJBR0M" failures="0" tests="1" name="testcase.PayBilling" time="36.674" errors="0" timestamp="2024-07-13T20:01:10 IST" skipped="0">
  <testcase classname="testcase.PayBilling" name="paybilling" time="36.674"/>
  <system-out/>
</testsuite> <!-- testcase.PayBilling -->
