<?xml version="1.0" encoding="UTF-8"?>
<!-- Generated by org.testng.reporters.JUnitReportReporter -->
<testsuite hostname="LAPTOP-GKFJBR0M" failures="0" tests="1" name="testcase.AddCustomer" time="64.520" errors="0" timestamp="2024-07-14T00:30:46 IST" skipped="0">
  <testcase classname="testcase.AddCustomer" name="addcustomer" time="64.520"/>
  <system-out/>
</testsuite> <!-- testcase.AddCustomer -->
