<?xml version="1.0" encoding="UTF-8"?>
<!-- Generated by org.testng.reporters.JUnitReportReporter -->
<testsuite hostname="LAPTOP-GKFJBR0M" failures="0" tests="1" name="testcase.AddTariffPlan" time="41.560" errors="0" timestamp="2024-07-13T20:27:35 IST" skipped="0">
  <testcase classname="testcase.AddTariffPlan" name="addtariffplan" time="41.560"/>
  <system-out/>
</testsuite> <!-- testcase.AddTariffPlan -->
