<?xml version="1.0" encoding="UTF-8"?>
<!-- Generated by org.testng.reporters.JUnitReportReporter -->
<testsuite hostname="LAPTOP-GKFJBR0M" failures="0" tests="1" name="testcase.AutomationScript" time="70.730" errors="0" timestamp="2024-07-14T03:44:43 IST" skipped="0">
  <testcase classname="testcase.AutomationScript" name="addcustomer" time="70.730"/>
  <system-out/>
</testsuite> <!-- testcase.AutomationScript -->
