<?xml version="1.0" encoding="UTF-8"?>
<!-- Generated by org.testng.reporters.JUnitReportReporter -->
<testsuite hostname="LAPTOP-GKFJBR0M" failures="0" tests="1" name="testcase.AddTriffPlantoCustomer" time="40.272" errors="0" timestamp="2024-07-13T19:57:55 IST" skipped="0">
  <testcase classname="testcase.AddTriffPlantoCustomer" name="addtariffplantocustomer" time="40.272"/>
  <system-out/>
</testsuite> <!-- testcase.AddTriffPlantoCustomer -->
