<?xml version="1.0" encoding="UTF-8"?>
<!-- Generated by org.testng.reporters.JUnitReportReporter -->
<testsuite hostname="LAPTOP-GKFJBR0M" failures="0" tests="1" name="testcase.LaunchingApplication" time="21.025" errors="0" timestamp="2024-07-13T19:45:20 IST" skipped="0">
  <testcase classname="testcase.LaunchingApplication" name="launchurl" time="21.025"/>
  <system-out/>
</testsuite> <!-- testcase.LaunchingApplication -->
